2025-05-23 16:30:02,133 - TradingBot - INFO - Setting up Moving Average Crossover backtest...
2025-05-23 16:30:02,133 - TradingBot - INFO - Fetching historical data for BTC-USD from 2022-01-01 to 2023-12-31 with interval 1d.
2025-05-23 16:30:04,167 - TradingBot - INFO - Successfully fetched 729 data points for BTC-USD.
2025-05-23 16:30:04,167 - TradingBot - INFO - Starting backtest for strategy MovingAverageCrossoverStrategy on BTC-USD
2025-05-23 16:30:04,168 - TradingBot - INFO - Initial capital: $100000.00
2025-05-23 16:37:23,692 - TradingBot - INFO - Setting up Moving Average Crossover backtest...
2025-05-23 16:37:23,692 - TradingBot - INFO - Fetching historical data for BTC-USD from 2022-01-01 to 2023-12-31 with interval 1d.
2025-05-23 16:37:25,245 - TradingBot - INFO - Successfully fetched 729 data points for BTC-USD.
2025-05-23 16:37:25,245 - TradingBot - INFO - Starting backtest for strategy MovingAverageCrossoverStrategy on BTC-USD
2025-05-23 16:37:25,245 - TradingBot - INFO - Initial capital: $100000.00
2025-05-23 16:37:25,246 - TradingBot - INFO - Processing bar 2022-01-01 00:00:00: Close price Ticker
BTC-USD    47686.8125
Name: 2022-01-01 00:00:00, dtype: float64 (type: <class 'pandas.core.series.Series'>)
2025-05-23 16:37:25,247 - TradingBot - INFO -   NaNs found in MAs for bar 2022-01-01 00:00:00, skipping signal.
2025-05-23 16:37:25,247 - TradingBot - INFO - Processing bar 2022-01-02 00:00:00: Close price Ticker
BTC-USD    47345.21875
Name: 2022-01-02 00:00:00, dtype: float64 (type: <class 'pandas.core.series.Series'>)
2025-05-23 16:37:25,248 - TradingBot - INFO -   NaNs found in MAs for bar 2022-01-02 00:00:00, skipping signal.
2025-05-23 16:37:25,248 - TradingBot - INFO - Processing bar 2022-01-03 00:00:00: Close price Ticker
BTC-USD    46458.117188
Name: 2022-01-03 00:00:00, dtype: float64 (type: <class 'pandas.core.series.Series'>)
2025-05-23 16:37:25,248 - TradingBot - INFO -   NaNs found in MAs for bar 2022-01-03 00:00:00, skipping signal.
2025-05-23 16:37:25,249 - TradingBot - INFO - Processing bar 2022-01-04 00:00:00: Close price Ticker
BTC-USD    45897.574219
Name: 2022-01-04 00:00:00, dtype: float64 (type: <class 'pandas.core.series.Series'>)
2025-05-23 16:37:25,249 - TradingBot - INFO -   NaNs found in MAs for bar 2022-01-04 00:00:00, skipping signal.
2025-05-23 16:37:25,249 - TradingBot - INFO - Processing bar 2022-01-05 00:00:00: Close price Ticker
BTC-USD    43569.003906
Name: 2022-01-05 00:00:00, dtype: float64 (type: <class 'pandas.core.series.Series'>)
2025-05-23 16:37:25,250 - TradingBot - INFO -   NaNs found in MAs for bar 2022-01-05 00:00:00, skipping signal.
2025-05-23 16:37:25,250 - TradingBot - INFO - Processing bar 2022-01-06 00:00:00: Close price Ticker
BTC-USD    43160.929688
Name: 2022-01-06 00:00:00, dtype: float64 (type: <class 'pandas.core.series.Series'>)
2025-05-23 16:37:25,251 - TradingBot - INFO -   NaNs found in MAs for bar 2022-01-06 00:00:00, skipping signal.
2025-05-23 16:37:25,251 - TradingBot - INFO - Processing bar 2022-01-07 00:00:00: Close price Ticker
BTC-USD    41557.902344
Name: 2022-01-07 00:00:00, dtype: float64 (type: <class 'pandas.core.series.Series'>)
2025-05-23 16:37:25,251 - TradingBot - INFO -   NaNs found in MAs for bar 2022-01-07 00:00:00, skipping signal.
2025-05-23 16:37:25,252 - TradingBot - INFO - Processing bar 2022-01-08 00:00:00: Close price Ticker
BTC-USD    41733.941406
Name: 2022-01-08 00:00:00, dtype: float64 (type: <class 'pandas.core.series.Series'>)
2025-05-23 16:37:25,252 - TradingBot - INFO -   NaNs found in MAs for bar 2022-01-08 00:00:00, skipping signal.
2025-05-23 16:37:25,252 - TradingBot - INFO - Processing bar 2022-01-09 00:00:00: Close price Ticker
BTC-USD    41911.601562
Name: 2022-01-09 00:00:00, dtype: float64 (type: <class 'pandas.core.series.Series'>)
2025-05-23 16:37:25,253 - TradingBot - INFO -   NaNs found in MAs for bar 2022-01-09 00:00:00, skipping signal.
2025-05-23 16:37:25,253 - TradingBot - INFO - Processing bar 2022-01-10 00:00:00: Close price Ticker
BTC-USD    41821.261719
Name: 2022-01-10 00:00:00, dtype: float64 (type: <class 'pandas.core.series.Series'>)
2025-05-23 16:37:25,253 - TradingBot - INFO -   NaNs found in MAs for bar 2022-01-10 00:00:00, skipping signal.
2025-05-23 16:37:25,254 - TradingBot - INFO - Processing bar 2022-01-11 00:00:00: Close price Ticker
BTC-USD    42735.855469
Name: 2022-01-11 00:00:00, dtype: float64 (type: <class 'pandas.core.series.Series'>)
2025-05-23 16:37:25,254 - TradingBot - INFO -   NaNs found in MAs for bar 2022-01-11 00:00:00, skipping signal.
2025-05-23 16:37:25,254 - TradingBot - INFO - Processing bar 2022-01-12 00:00:00: Close price Ticker
BTC-USD    43949.101562
Name: 2022-01-12 00:00:00, dtype: float64 (type: <class 'pandas.core.series.Series'>)
2025-05-23 16:37:25,255 - TradingBot - INFO -   NaNs found in MAs for bar 2022-01-12 00:00:00, skipping signal.
2025-05-23 16:37:25,255 - TradingBot - INFO - Processing bar 2022-01-13 00:00:00: Close price Ticker
BTC-USD    42591.570312
Name: 2022-01-13 00:00:00, dtype: float64 (type: <class 'pandas.core.series.Series'>)
2025-05-23 16:37:25,255 - TradingBot - INFO -   NaNs found in MAs for bar 2022-01-13 00:00:00, skipping signal.
2025-05-23 16:37:25,256 - TradingBot - INFO - Processing bar 2022-01-14 00:00:00: Close price Ticker
BTC-USD    43099.699219
Name: 2022-01-14 00:00:00, dtype: float64 (type: <class 'pandas.core.series.Series'>)
2025-05-23 16:37:25,256 - TradingBot - INFO -   NaNs found in MAs for bar 2022-01-14 00:00:00, skipping signal.
2025-05-23 16:37:25,256 - TradingBot - INFO - Processing bar 2022-01-15 00:00:00: Close price Ticker
BTC-USD    43177.398438
Name: 2022-01-15 00:00:00, dtype: float64 (type: <class 'pandas.core.series.Series'>)
2025-05-23 16:37:25,257 - TradingBot - INFO -   NaNs found in MAs for bar 2022-01-15 00:00:00, skipping signal.
2025-05-23 16:37:25,257 - TradingBot - INFO - Processing bar 2022-01-16 00:00:00: Close price Ticker
BTC-USD    43113.878906
Name: 2022-01-16 00:00:00, dtype: float64 (type: <class 'pandas.core.series.Series'>)
2025-05-23 16:37:25,257 - TradingBot - INFO -   NaNs found in MAs for bar 2022-01-16 00:00:00, skipping signal.
2025-05-23 16:37:25,257 - TradingBot - INFO - Processing bar 2022-01-17 00:00:00: Close price Ticker
BTC-USD    42250.550781
Name: 2022-01-17 00:00:00, dtype: float64 (type: <class 'pandas.core.series.Series'>)
2025-05-23 16:37:25,258 - TradingBot - INFO -   NaNs found in MAs for bar 2022-01-17 00:00:00, skipping signal.
2025-05-23 16:37:25,258 - TradingBot - INFO - Processing bar 2022-01-18 00:00:00: Close price Ticker
BTC-USD    42375.632812
Name: 2022-01-18 00:00:00, dtype: float64 (type: <class 'pandas.core.series.Series'>)
2025-05-23 16:37:25,258 - TradingBot - INFO -   NaNs found in MAs for bar 2022-01-18 00:00:00, skipping signal.
2025-05-23 16:37:25,259 - TradingBot - INFO - Processing bar 2022-01-19 00:00:00: Close price Ticker
BTC-USD    41744.328125
Name: 2022-01-19 00:00:00, dtype: float64 (type: <class 'pandas.core.series.Series'>)
2025-05-23 16:37:25,260 - TradingBot - INFO -   NaNs found in MAs for bar 2022-01-19 00:00:00, skipping signal.
2025-05-23 16:37:25,260 - TradingBot - INFO - Processing bar 2022-01-20 00:00:00: Close price Ticker
BTC-USD    40680.417969
Name: 2022-01-20 00:00:00, dtype: float64 (type: <class 'pandas.core.series.Series'>)
2025-05-23 16:37:25,261 - TradingBot - INFO -   NaNs found in MAs for bar 2022-01-20 00:00:00, skipping signal.
2025-05-23 16:37:25,261 - TradingBot - INFO - Processing bar 2022-01-21 00:00:00: Close price Ticker
BTC-USD    36457.316406
Name: 2022-01-21 00:00:00, dtype: float64 (type: <class 'pandas.core.series.Series'>)
2025-05-23 16:37:25,261 - TradingBot - INFO -   NaNs found in MAs for bar 2022-01-21 00:00:00, skipping signal.
2025-05-23 16:37:25,262 - TradingBot - INFO - Processing bar 2022-01-22 00:00:00: Close price Ticker
BTC-USD    35030.25
Name: 2022-01-22 00:00:00, dtype: float64 (type: <class 'pandas.core.series.Series'>)
2025-05-23 16:37:25,262 - TradingBot - INFO -   NaNs found in MAs for bar 2022-01-22 00:00:00, skipping signal.
2025-05-23 16:37:25,262 - TradingBot - INFO - Processing bar 2022-01-23 00:00:00: Close price Ticker
BTC-USD    36276.804688
Name: 2022-01-23 00:00:00, dtype: float64 (type: <class 'pandas.core.series.Series'>)
2025-05-23 16:37:25,263 - TradingBot - INFO -   NaNs found in MAs for bar 2022-01-23 00:00:00, skipping signal.
2025-05-23 16:37:25,263 - TradingBot - INFO - Processing bar 2022-01-24 00:00:00: Close price Ticker
BTC-USD    36654.328125
Name: 2022-01-24 00:00:00, dtype: float64 (type: <class 'pandas.core.series.Series'>)
2025-05-23 16:37:25,263 - TradingBot - INFO -   NaNs found in MAs for bar 2022-01-24 00:00:00, skipping signal.
2025-05-23 16:37:25,264 - TradingBot - INFO - Processing bar 2022-01-25 00:00:00: Close price Ticker
BTC-USD    36954.003906
Name: 2022-01-25 00:00:00, dtype: float64 (type: <class 'pandas.core.series.Series'>)
2025-05-23 16:37:25,264 - TradingBot - INFO -   NaNs found in MAs for bar 2022-01-25 00:00:00, skipping signal.
2025-05-23 16:37:25,264 - TradingBot - INFO - Processing bar 2022-01-26 00:00:00: Close price Ticker
BTC-USD    36852.121094
Name: 2022-01-26 00:00:00, dtype: float64 (type: <class 'pandas.core.series.Series'>)
2025-05-23 16:37:25,265 - TradingBot - INFO -   NaNs found in MAs for bar 2022-01-26 00:00:00, skipping signal.
2025-05-23 16:37:25,265 - TradingBot - INFO - Processing bar 2022-01-27 00:00:00: Close price Ticker
BTC-USD    37138.234375
Name: 2022-01-27 00:00:00, dtype: float64 (type: <class 'pandas.core.series.Series'>)
2025-05-23 16:37:25,266 - TradingBot - INFO -   NaNs found in MAs for bar 2022-01-27 00:00:00, skipping signal.
2025-05-23 16:37:25,266 - TradingBot - INFO - Processing bar 2022-01-28 00:00:00: Close price Ticker
BTC-USD    37784.332031
Name: 2022-01-28 00:00:00, dtype: float64 (type: <class 'pandas.core.series.Series'>)
2025-05-23 16:37:25,266 - TradingBot - INFO -   NaNs found in MAs for bar 2022-01-28 00:00:00, skipping signal.
2025-05-23 16:37:25,267 - TradingBot - INFO - Processing bar 2022-01-29 00:00:00: Close price Ticker
BTC-USD    38138.179688
Name: 2022-01-29 00:00:00, dtype: float64 (type: <class 'pandas.core.series.Series'>)
2025-05-23 16:37:25,267 - TradingBot - INFO -   NaNs found in MAs for bar 2022-01-29 00:00:00, skipping signal.
2025-05-23 16:37:25,267 - TradingBot - INFO - Processing bar 2022-01-30 00:00:00: Close price Ticker
BTC-USD    37917.601562
Name: 2022-01-30 00:00:00, dtype: float64 (type: <class 'pandas.core.series.Series'>)
2025-05-23 16:37:25,268 - TradingBot - INFO -   NaNs found in MAs for bar 2022-01-30 00:00:00, skipping signal.
2025-05-23 16:37:25,268 - TradingBot - INFO - Processing bar 2022-01-31 00:00:00: Close price Ticker
BTC-USD    38483.125
Name: 2022-01-31 00:00:00, dtype: float64 (type: <class 'pandas.core.series.Series'>)
2025-05-23 16:37:25,270 - TradingBot - INFO -   Comparing for 2022-01-31 00:00:00: (Ticker
BTC-USD    37122.898047
Name: 2022-01-31 00:00:00, dtype: float64 > Ticker
BTC-USD    40895.342708
Name: 2022-01-31 00:00:00, dtype: float64) and (Ticker
BTC-USD    36920.317187
Name: 2022-01-30 00:00:00, dtype: float64 <= Ticker
BTC-USD    41202.132292
Name: 2022-01-30 00:00:00, dtype: float64)
2025-05-23 16:37:25,270 - TradingBot - INFO - MA Check for 2022-01-31 00:00:00:
2025-05-23 16:37:25,270 - TradingBot - INFO -   CSMA: Ticker
BTC-USD    37122.898047
Name: 2022-01-31 00:00:00, dtype: float64 (type: <class 'pandas.core.series.Series'>) | Value: Ticker
BTC-USD    37122.898047
Name: 2022-01-31 00:00:00, dtype: float64
2025-05-23 16:37:25,270 - TradingBot - INFO -   CLMA: Ticker
BTC-USD    40895.342708
Name: 2022-01-31 00:00:00, dtype: float64 (type: <class 'pandas.core.series.Series'>) | Value: Ticker
BTC-USD    40895.342708
Name: 2022-01-31 00:00:00, dtype: float64
2025-05-23 16:37:25,271 - TradingBot - INFO -   PSMA: Ticker
BTC-USD    36920.317187
Name: 2022-01-30 00:00:00, dtype: float64 (type: <class 'pandas.core.series.Series'>) | Value: Ticker
BTC-USD    36920.317187
Name: 2022-01-30 00:00:00, dtype: float64
2025-05-23 16:37:25,271 - TradingBot - INFO -   PLMA: Ticker
BTC-USD    41202.132292
Name: 2022-01-30 00:00:00, dtype: float64 (type: <class 'pandas.core.series.Series'>) | Value: Ticker
BTC-USD    41202.132292
Name: 2022-01-30 00:00:00, dtype: float64
2025-05-23 16:48:55,869 - TradingBot - INFO - Setting up Moving Average Crossover backtest...
2025-05-23 16:48:55,869 - TradingBot - INFO - Fetching historical data for BTC-USD from 2022-01-01 to 2023-12-31 with interval 1d.
2025-05-23 16:48:56,283 - TradingBot - INFO - Successfully fetched 729 data points for BTC-USD.
2025-05-23 16:48:56,283 - TradingBot - INFO - Starting backtest for strategy MovingAverageCrossoverStrategy on BTC-USD
2025-05-23 16:48:56,283 - TradingBot - INFO - Initial capital: $100000.00
2025-05-23 16:48:56,295 - TradingBot - INFO - [BTC-USD] BUY Signal: Short MA (40256.48) crossed above Long MA (40046.34) at 44118.45 on 2022-02-08. Position before: 0
2025-05-23 16:51:20,815 - TradingBot - INFO - Setting up Moving Average Crossover backtest...
2025-05-23 16:51:20,816 - TradingBot - INFO - Fetching historical data for BTC-USD from 2022-01-01 to 2023-12-31 with interval 1d.
2025-05-23 16:51:21,035 - TradingBot - INFO - Successfully fetched 729 data points for BTC-USD.
2025-05-23 16:51:21,036 - TradingBot - INFO - Starting backtest for strategy MovingAverageCrossoverStrategy on BTC-USD
2025-05-23 16:51:21,036 - TradingBot - INFO - Initial capital: $100000.00
2025-05-23 16:51:21,047 - TradingBot - INFO - [BTC-USD] BUY Signal: Short MA (40256.48) crossed above Long MA (40046.34) at 44118.45 on 2022-02-08. Position before: 0
2025-05-23 16:51:21,047 - TradingBot - INFO - [2022-02-08] Attempting to execute: buy 0.1 BTC-USD at ~44118.45
2025-05-23 16:51:21,047 - TradingBot - INFO -     Executed BUY: 0.1 BTC-USD at 44118.45. Cost: 4411.84. Capital: 95588.16
2025-05-23 16:51:21,055 - TradingBot - INFO - [BTC-USD] SELL Signal: Short MA (39865.01) crossed below Long MA (40282.28) at 38332.61 on 2022-02-24. Position before: 1
2025-05-23 16:51:21,055 - TradingBot - INFO - [2022-02-24] Attempting to execute: sell 0.1 BTC-USD at ~38332.61
2025-05-23 16:51:21,055 - TradingBot - INFO -     Executed SELL: 0.1 BTC-USD at 38332.61. Proceeds: 3833.26. Capital: 99421.42
2025-05-23 16:51:21,060 - TradingBot - INFO - [BTC-USD] BUY Signal: Short MA (40966.42) crossed above Long MA (40860.09) at 41982.93 on 2022-03-09. Position before: -1
2025-05-23 16:51:21,060 - TradingBot - INFO - [2022-03-09] Attempting to execute: buy 0.1 BTC-USD at ~41982.93
2025-05-23 16:51:21,060 - TradingBot - INFO -     Executed BUY: 0.1 BTC-USD at 41982.93. Cost: 4198.29. Capital: 95223.12
2025-05-23 16:51:21,061 - TradingBot - INFO - [BTC-USD] SELL Signal: Short MA (40590.84) crossed below Long MA (40704.05) at 39437.46 on 2022-03-10. Position before: 1
2025-05-23 16:51:21,061 - TradingBot - INFO - [2022-03-10] Attempting to execute: sell 0.1 BTC-USD at ~39437.46
2025-05-23 16:51:21,061 - TradingBot - INFO -     Executed SELL: 0.1 BTC-USD at 39437.46. Proceeds: 3943.75. Capital: 99166.87
2025-05-23 16:51:21,065 - TradingBot - INFO - [BTC-USD] BUY Signal: Short MA (39987.10) crossed above Long MA (39789.82) at 41801.16 on 2022-03-18. Position before: -1
2025-05-23 16:51:21,065 - TradingBot - INFO - [2022-03-18] Attempting to execute: buy 0.1 BTC-USD at ~41801.16
2025-05-23 16:51:21,065 - TradingBot - INFO -     Executed BUY: 0.1 BTC-USD at 41801.16. Cost: 4180.12. Capital: 94986.75
2025-05-23 16:51:21,077 - TradingBot - INFO - [BTC-USD] SELL Signal: Short MA (43226.94) crossed below Long MA (43463.88) at 40127.18 on 2022-04-12. Position before: 1
2025-05-23 16:51:21,077 - TradingBot - INFO - [2022-04-12] Attempting to execute: sell 0.1 BTC-USD at ~40127.18
2025-05-23 16:51:21,077 - TradingBot - INFO -     Executed SELL: 0.1 BTC-USD at 40127.18. Proceeds: 4012.72. Capital: 98999.47
2025-05-23 16:51:21,128 - TradingBot - INFO - [BTC-USD] BUY Signal: Short MA (30286.08) crossed above Long MA (30046.84) at 31370.67 on 2022-06-06. Position before: -1
2025-05-23 16:51:21,129 - TradingBot - INFO - [2022-06-06] Attempting to execute: buy 0.1 BTC-USD at ~31370.67
2025-05-23 16:51:21,129 - TradingBot - INFO -     Executed BUY: 0.1 BTC-USD at 31370.67. Cost: 3137.07. Capital: 95862.41
2025-05-23 16:51:21,133 - TradingBot - INFO - [BTC-USD] SELL Signal: Short MA (29650.37) crossed below Long MA (29814.93) at 26762.65 on 2022-06-12. Position before: 1
2025-05-23 16:51:21,133 - TradingBot - INFO - [2022-06-12] Attempting to execute: sell 0.1 BTC-USD at ~26762.65
2025-05-23 16:51:21,133 - TradingBot - INFO -     Executed SELL: 0.1 BTC-USD at 26762.65. Proceeds: 2676.26. Capital: 98538.67
2025-05-23 16:51:21,146 - TradingBot - INFO - [BTC-USD] BUY Signal: Short MA (20629.75) crossed above Long MA (20545.30) at 20212.07 on 2022-07-13. Position before: -1
2025-05-23 16:51:21,147 - TradingBot - INFO - [2022-07-13] Attempting to execute: buy 0.1 BTC-USD at ~20212.07
2025-05-23 16:51:21,147 - TradingBot - INFO -     Executed BUY: 0.1 BTC-USD at 20212.07. Cost: 2021.21. Capital: 96517.46
2025-05-23 16:51:21,173 - TradingBot - INFO - [BTC-USD] SELL Signal: Short MA (22828.90) crossed below Long MA (23051.66) at 21398.91 on 2022-08-22. Position before: 1
2025-05-23 16:51:21,173 - TradingBot - INFO - [2022-08-22] Attempting to execute: sell 0.1 BTC-USD at ~21398.91
2025-05-23 16:51:21,173 - TradingBot - INFO -     Executed SELL: 0.1 BTC-USD at 21398.91. Proceeds: 2139.89. Capital: 98657.35
2025-05-23 16:51:21,183 - TradingBot - INFO - [BTC-USD] BUY Signal: Short MA (20583.31) crossed above Long MA (20572.51) at 19772.58 on 2022-09-16. Position before: -1
2025-05-23 16:51:21,183 - TradingBot - INFO - [2022-09-16] Attempting to execute: buy 0.1 BTC-USD at ~19772.58
2025-05-23 16:51:21,183 - TradingBot - INFO -     Executed BUY: 0.1 BTC-USD at 19772.58. Cost: 1977.26. Capital: 96680.10
2025-05-23 16:51:21,185 - TradingBot - INFO - [BTC-USD] SELL Signal: Short MA (20213.33) crossed below Long MA (20278.90) at 18890.79 on 2022-09-20. Position before: 1
2025-05-23 16:51:21,186 - TradingBot - INFO - [2022-09-20] Attempting to execute: sell 0.1 BTC-USD at ~18890.79
2025-05-23 16:51:21,186 - TradingBot - INFO -     Executed SELL: 0.1 BTC-USD at 18890.79. Proceeds: 1889.08. Capital: 98569.17
2025-05-23 16:51:21,193 - TradingBot - INFO - [BTC-USD] BUY Signal: Short MA (19572.34) crossed above Long MA (19572.07) at 19051.42 on 2022-10-11. Position before: -1
2025-05-23 16:51:21,194 - TradingBot - INFO - [2022-10-11] Attempting to execute: buy 0.1 BTC-USD at ~19051.42
2025-05-23 16:51:21,194 - TradingBot - INFO -     Executed BUY: 0.1 BTC-USD at 19051.42. Cost: 1905.14. Capital: 96664.03
2025-05-23 16:51:21,196 - TradingBot - INFO - [BTC-USD] SELL Signal: Short MA (19335.18) crossed below Long MA (19378.21) at 19067.63 on 2022-10-15. Position before: 1
2025-05-23 16:51:21,196 - TradingBot - INFO - [2022-10-15] Attempting to execute: sell 0.1 BTC-USD at ~19067.63
2025-05-23 16:51:21,196 - TradingBot - INFO -     Executed SELL: 0.1 BTC-USD at 19067.63. Proceeds: 1906.76. Capital: 98570.80
2025-05-23 16:51:21,200 - TradingBot - INFO - [BTC-USD] BUY Signal: Short MA (19523.80) crossed above Long MA (19462.58) at 20770.44 on 2022-10-26. Position before: -1
2025-05-23 16:51:21,202 - TradingBot - INFO - [2022-10-26] Attempting to execute: buy 0.1 BTC-USD at ~20770.44
2025-05-23 16:51:21,202 - TradingBot - INFO -     Executed BUY: 0.1 BTC-USD at 20770.44. Cost: 2077.04. Capital: 96493.75
2025-05-23 16:51:21,210 - TradingBot - INFO - [BTC-USD] SELL Signal: Short MA (19682.28) crossed below Long MA (19698.45) at 17586.77 on 2022-11-10. Position before: 1
2025-05-23 16:51:21,210 - TradingBot - INFO - [2022-11-10] Attempting to execute: sell 0.1 BTC-USD at ~17586.77
2025-05-23 16:51:21,214 - TradingBot - INFO -     Executed SELL: 0.1 BTC-USD at 17586.77. Proceeds: 1758.68. Capital: 98252.43
2025-05-23 16:51:21,223 - TradingBot - INFO - [BTC-USD] BUY Signal: Short MA (16883.78) crossed above Long MA (16740.58) at 16848.13 on 2022-12-07. Position before: -1
2025-05-23 16:51:21,223 - TradingBot - INFO - [2022-12-07] Attempting to execute: buy 0.1 BTC-USD at ~16848.13
2025-05-23 16:51:21,223 - TradingBot - INFO -     Executed BUY: 0.1 BTC-USD at 16848.13. Cost: 1684.81. Capital: 96567.62
2025-05-23 16:51:21,231 - TradingBot - INFO - [BTC-USD] SELL Signal: Short MA (16917.19) crossed below Long MA (16921.07) at 16796.95 on 2022-12-23. Position before: 1
2025-05-23 16:51:21,231 - TradingBot - INFO - [2022-12-23] Attempting to execute: sell 0.1 BTC-USD at ~16796.95
2025-05-23 16:51:21,231 - TradingBot - INFO -     Executed SELL: 0.1 BTC-USD at 16796.95. Proceeds: 1679.70. Capital: 98247.31
2025-05-23 16:51:21,238 - TradingBot - INFO - [BTC-USD] BUY Signal: Short MA (16933.44) crossed above Long MA (16905.53) at 17446.29 on 2023-01-10. Position before: -1
2025-05-23 16:51:21,238 - TradingBot - INFO - [2023-01-10] Attempting to execute: buy 0.1 BTC-USD at ~17446.29
2025-05-23 16:51:21,238 - TradingBot - INFO -     Executed BUY: 0.1 BTC-USD at 17446.29. Cost: 1744.63. Capital: 96502.68
2025-05-23 16:51:21,254 - TradingBot - INFO - [BTC-USD] SELL Signal: Short MA (22418.87) crossed below Long MA (22519.37) at 21808.10 on 2023-02-13. Position before: 1
2025-05-23 16:51:21,254 - TradingBot - INFO - [2023-02-13] Attempting to execute: sell 0.1 BTC-USD at ~21808.10
2025-05-23 16:51:21,254 - TradingBot - INFO -     Executed SELL: 0.1 BTC-USD at 21808.10. Proceeds: 2180.81. Capital: 98683.49
2025-05-23 16:51:21,256 - TradingBot - INFO - [BTC-USD] BUY Signal: Short MA (23080.50) crossed above Long MA (23053.46) at 24327.64 on 2023-02-19. Position before: -1
2025-05-23 16:51:21,256 - TradingBot - INFO - [2023-02-19] Attempting to execute: buy 0.1 BTC-USD at ~24327.64
2025-05-23 16:51:21,256 - TradingBot - INFO -     Executed BUY: 0.1 BTC-USD at 24327.64. Cost: 2432.76. Capital: 96250.73
2025-05-23 16:51:21,263 - TradingBot - INFO - [BTC-USD] SELL Signal: Short MA (23087.85) crossed below Long MA (23205.19) at 22435.51 on 2023-03-05. Position before: 1
2025-05-23 16:51:21,263 - TradingBot - INFO - [2023-03-05] Attempting to execute: sell 0.1 BTC-USD at ~22435.51
2025-05-23 16:51:21,263 - TradingBot - INFO -     Executed SELL: 0.1 BTC-USD at 22435.51. Proceeds: 2243.55. Capital: 98494.28
2025-05-23 16:51:21,268 - TradingBot - INFO - [BTC-USD] BUY Signal: Short MA (23610.88) crossed above Long MA (23476.38) at 26965.88 on 2023-03-18. Position before: -1
2025-05-23 16:51:21,268 - TradingBot - INFO - [2023-03-18] Attempting to execute: buy 0.1 BTC-USD at ~26965.88
2025-05-23 16:51:21,268 - TradingBot - INFO -     Executed BUY: 0.1 BTC-USD at 26965.88. Cost: 2696.59. Capital: 95797.69
2025-05-23 16:51:21,288 - TradingBot - INFO - [BTC-USD] SELL Signal: Short MA (28574.54) crossed below Long MA (28641.39) at 28307.60 on 2023-04-25. Position before: 1
2025-05-23 16:51:21,288 - TradingBot - INFO - [2023-04-25] Attempting to execute: sell 0.1 BTC-USD at ~28307.60
2025-05-23 16:51:21,288 - TradingBot - INFO -     Executed SELL: 0.1 BTC-USD at 28307.60. Proceeds: 2830.76. Capital: 98628.45
2025-05-23 16:51:21,292 - TradingBot - INFO - [BTC-USD] BUY Signal: Short MA (28991.46) crossed above Long MA (28971.37) at 29534.38 on 2023-05-05. Position before: -1
2025-05-23 16:51:21,292 - TradingBot - INFO - [2023-05-05] Attempting to execute: buy 0.1 BTC-USD at ~29534.38
2025-05-23 16:51:21,292 - TradingBot - INFO -     Executed BUY: 0.1 BTC-USD at 29534.38. Cost: 2953.44. Capital: 95675.01
2025-05-23 16:51:21,293 - TradingBot - INFO - [BTC-USD] SELL Signal: Short MA (28937.77) crossed below Long MA (29017.69) at 28454.98 on 2023-05-07. Position before: 1
2025-05-23 16:51:21,293 - TradingBot - INFO - [2023-05-07] Attempting to execute: sell 0.1 BTC-USD at ~28454.98
2025-05-23 16:51:21,293 - TradingBot - INFO -     Executed SELL: 0.1 BTC-USD at 28454.98. Proceeds: 2845.50. Capital: 98520.51
2025-05-23 16:51:21,303 - TradingBot - INFO - [BTC-USD] BUY Signal: Short MA (27260.49) crossed above Long MA (27219.39) at 27119.07 on 2023-06-04. Position before: -1
2025-05-23 16:51:21,303 - TradingBot - INFO - [2023-06-04] Attempting to execute: buy 0.1 BTC-USD at ~27119.07
2025-05-23 16:51:21,303 - TradingBot - INFO -     Executed BUY: 0.1 BTC-USD at 27119.07. Cost: 2711.91. Capital: 95808.60
2025-05-23 16:51:21,305 - TradingBot - INFO - [BTC-USD] SELL Signal: Short MA (27027.65) crossed below Long MA (27029.09) at 26346.00 on 2023-06-07. Position before: 1
2025-05-23 16:51:21,305 - TradingBot - INFO - [2023-06-07] Attempting to execute: sell 0.1 BTC-USD at ~26346.00
2025-05-23 16:51:21,305 - TradingBot - INFO -     Executed SELL: 0.1 BTC-USD at 26346.00. Proceeds: 2634.60. Capital: 98443.20
2025-05-23 16:51:21,310 - TradingBot - INFO - [BTC-USD] BUY Signal: Short MA (27091.22) crossed above Long MA (26878.52) at 29912.28 on 2023-06-22. Position before: -1
2025-05-23 16:51:21,310 - TradingBot - INFO - [2023-06-22] Attempting to execute: buy 0.1 BTC-USD at ~29912.28
2025-05-23 16:51:21,310 - TradingBot - INFO -     Executed BUY: 0.1 BTC-USD at 29912.28. Cost: 2991.23. Capital: 95451.98
2025-05-23 16:51:21,324 - TradingBot - INFO - [BTC-USD] SELL Signal: Short MA (30307.60) crossed below Long MA (30383.24) at 29792.02 on 2023-07-20. Position before: 1
2025-05-23 16:51:21,324 - TradingBot - INFO - [2023-07-20] Attempting to execute: sell 0.1 BTC-USD at ~29792.02
2025-05-23 16:51:21,324 - TradingBot - INFO -     Executed SELL: 0.1 BTC-USD at 29792.02. Proceeds: 2979.20. Capital: 98431.18
2025-05-23 16:51:21,345 - TradingBot - INFO - [BTC-USD] BUY Signal: Short MA (26195.73) crossed above Long MA (26174.51) at 26754.28 on 2023-09-18. Position before: -1
2025-05-23 16:51:21,345 - TradingBot - INFO - [2023-09-18] Attempting to execute: buy 0.1 BTC-USD at ~26754.28
2025-05-23 16:51:21,345 - TradingBot - INFO -     Executed BUY: 0.1 BTC-USD at 26754.28. Cost: 2675.43. Capital: 95755.75
2025-05-23 16:51:21,425 - TradingBot - INFO - Backtest finished.
2025-05-23 16:51:21,425 - TradingBot - INFO - --- Backtest Summary ---
2025-05-23 16:51:21,425 - TradingBot - INFO - Symbol: BTC-USD
2025-05-23 16:51:21,425 - TradingBot - INFO - Strategy: MovingAverageCrossoverStrategy
2025-05-23 16:51:21,425 - TradingBot - INFO - Period: 2022-01-01 to 2023-12-30
2025-05-23 16:51:21,425 - TradingBot - INFO - Initial Capital: $100,000.00
2025-05-23 16:52:10,317 - TradingBot - INFO - Setting up Moving Average Crossover backtest...
2025-05-23 16:52:10,317 - TradingBot - INFO - Fetching historical data for BTC-USD from 2022-01-01 to 2023-12-31 with interval 1d.
2025-05-23 16:52:11,616 - TradingBot - INFO - Successfully fetched 729 data points for BTC-USD.
2025-05-23 16:52:11,617 - TradingBot - INFO - Starting backtest for strategy MovingAverageCrossoverStrategy on BTC-USD
2025-05-23 16:52:11,617 - TradingBot - INFO - Initial capital: $100000.00
2025-05-23 16:52:11,629 - TradingBot - INFO - [BTC-USD] BUY Signal: Short MA (40256.48) crossed above Long MA (40046.34) at 44118.45 on 2022-02-08. Position before: 0
2025-05-23 16:52:11,629 - TradingBot - INFO - [2022-02-08] Attempting to execute: buy 0.1 BTC-USD at ~44118.45
2025-05-23 16:52:11,629 - TradingBot - INFO -     Executed BUY: 0.1 BTC-USD at 44118.45. Cost: 4411.84. Capital: 95588.16
2025-05-23 16:52:11,637 - TradingBot - INFO - [BTC-USD] SELL Signal: Short MA (39865.01) crossed below Long MA (40282.28) at 38332.61 on 2022-02-24. Position before: 1
2025-05-23 16:52:11,637 - TradingBot - INFO - [2022-02-24] Attempting to execute: sell 0.1 BTC-USD at ~38332.61
2025-05-23 16:52:11,637 - TradingBot - INFO -     Executed SELL: 0.1 BTC-USD at 38332.61. Proceeds: 3833.26. Capital: 99421.42
2025-05-23 16:52:11,641 - TradingBot - INFO - [BTC-USD] BUY Signal: Short MA (40966.42) crossed above Long MA (40860.09) at 41982.93 on 2022-03-09. Position before: -1
2025-05-23 16:52:11,641 - TradingBot - INFO - [2022-03-09] Attempting to execute: buy 0.1 BTC-USD at ~41982.93
2025-05-23 16:52:11,641 - TradingBot - INFO -     Executed BUY: 0.1 BTC-USD at 41982.93. Cost: 4198.29. Capital: 95223.12
2025-05-23 16:52:11,642 - TradingBot - INFO - [BTC-USD] SELL Signal: Short MA (40590.84) crossed below Long MA (40704.05) at 39437.46 on 2022-03-10. Position before: 1
2025-05-23 16:52:11,642 - TradingBot - INFO - [2022-03-10] Attempting to execute: sell 0.1 BTC-USD at ~39437.46
2025-05-23 16:52:11,642 - TradingBot - INFO -     Executed SELL: 0.1 BTC-USD at 39437.46. Proceeds: 3943.75. Capital: 99166.87
2025-05-23 16:52:11,645 - TradingBot - INFO - [BTC-USD] BUY Signal: Short MA (39987.10) crossed above Long MA (39789.82) at 41801.16 on 2022-03-18. Position before: -1
2025-05-23 16:52:11,645 - TradingBot - INFO - [2022-03-18] Attempting to execute: buy 0.1 BTC-USD at ~41801.16
2025-05-23 16:52:11,645 - TradingBot - INFO -     Executed BUY: 0.1 BTC-USD at 41801.16. Cost: 4180.12. Capital: 94986.75
2025-05-23 16:52:11,657 - TradingBot - INFO - [BTC-USD] SELL Signal: Short MA (43226.94) crossed below Long MA (43463.88) at 40127.18 on 2022-04-12. Position before: 1
2025-05-23 16:52:11,657 - TradingBot - INFO - [2022-04-12] Attempting to execute: sell 0.1 BTC-USD at ~40127.18
2025-05-23 16:52:11,657 - TradingBot - INFO -     Executed SELL: 0.1 BTC-USD at 40127.18. Proceeds: 4012.72. Capital: 98999.47
2025-05-23 16:52:11,677 - TradingBot - INFO - [BTC-USD] BUY Signal: Short MA (30286.08) crossed above Long MA (30046.84) at 31370.67 on 2022-06-06. Position before: -1
2025-05-23 16:52:11,677 - TradingBot - INFO - [2022-06-06] Attempting to execute: buy 0.1 BTC-USD at ~31370.67
2025-05-23 16:52:11,677 - TradingBot - INFO -     Executed BUY: 0.1 BTC-USD at 31370.67. Cost: 3137.07. Capital: 95862.41
2025-05-23 16:52:11,680 - TradingBot - INFO - [BTC-USD] SELL Signal: Short MA (29650.37) crossed below Long MA (29814.93) at 26762.65 on 2022-06-12. Position before: 1
2025-05-23 16:52:11,680 - TradingBot - INFO - [2022-06-12] Attempting to execute: sell 0.1 BTC-USD at ~26762.65
2025-05-23 16:52:11,680 - TradingBot - INFO -     Executed SELL: 0.1 BTC-USD at 26762.65. Proceeds: 2676.26. Capital: 98538.67
2025-05-23 16:52:11,692 - TradingBot - INFO - [BTC-USD] BUY Signal: Short MA (20629.75) crossed above Long MA (20545.30) at 20212.07 on 2022-07-13. Position before: -1
2025-05-23 16:52:11,692 - TradingBot - INFO - [2022-07-13] Attempting to execute: buy 0.1 BTC-USD at ~20212.07
2025-05-23 16:52:11,692 - TradingBot - INFO -     Executed BUY: 0.1 BTC-USD at 20212.07. Cost: 2021.21. Capital: 96517.46
2025-05-23 16:52:11,713 - TradingBot - INFO - [BTC-USD] SELL Signal: Short MA (22828.90) crossed below Long MA (23051.66) at 21398.91 on 2022-08-22. Position before: 1
2025-05-23 16:52:11,714 - TradingBot - INFO - [2022-08-22] Attempting to execute: sell 0.1 BTC-USD at ~21398.91
2025-05-23 16:52:11,714 - TradingBot - INFO -     Executed SELL: 0.1 BTC-USD at 21398.91. Proceeds: 2139.89. Capital: 98657.35
2025-05-23 16:52:11,722 - TradingBot - INFO - [BTC-USD] BUY Signal: Short MA (20583.31) crossed above Long MA (20572.51) at 19772.58 on 2022-09-16. Position before: -1
2025-05-23 16:52:11,722 - TradingBot - INFO - [2022-09-16] Attempting to execute: buy 0.1 BTC-USD at ~19772.58
2025-05-23 16:52:11,722 - TradingBot - INFO -     Executed BUY: 0.1 BTC-USD at 19772.58. Cost: 1977.26. Capital: 96680.10
2025-05-23 16:52:11,724 - TradingBot - INFO - [BTC-USD] SELL Signal: Short MA (20213.33) crossed below Long MA (20278.90) at 18890.79 on 2022-09-20. Position before: 1
2025-05-23 16:52:11,725 - TradingBot - INFO - [2022-09-20] Attempting to execute: sell 0.1 BTC-USD at ~18890.79
2025-05-23 16:52:11,725 - TradingBot - INFO -     Executed SELL: 0.1 BTC-USD at 18890.79. Proceeds: 1889.08. Capital: 98569.17
2025-05-23 16:52:11,732 - TradingBot - INFO - [BTC-USD] BUY Signal: Short MA (19572.34) crossed above Long MA (19572.07) at 19051.42 on 2022-10-11. Position before: -1
2025-05-23 16:52:11,733 - TradingBot - INFO - [2022-10-11] Attempting to execute: buy 0.1 BTC-USD at ~19051.42
2025-05-23 16:52:11,733 - TradingBot - INFO -     Executed BUY: 0.1 BTC-USD at 19051.42. Cost: 1905.14. Capital: 96664.03
2025-05-23 16:52:11,734 - TradingBot - INFO - [BTC-USD] SELL Signal: Short MA (19335.18) crossed below Long MA (19378.21) at 19067.63 on 2022-10-15. Position before: 1
2025-05-23 16:52:11,735 - TradingBot - INFO - [2022-10-15] Attempting to execute: sell 0.1 BTC-USD at ~19067.63
2025-05-23 16:52:11,735 - TradingBot - INFO -     Executed SELL: 0.1 BTC-USD at 19067.63. Proceeds: 1906.76. Capital: 98570.80
2025-05-23 16:52:11,739 - TradingBot - INFO - [BTC-USD] BUY Signal: Short MA (19523.80) crossed above Long MA (19462.58) at 20770.44 on 2022-10-26. Position before: -1
2025-05-23 16:52:11,739 - TradingBot - INFO - [2022-10-26] Attempting to execute: buy 0.1 BTC-USD at ~20770.44
2025-05-23 16:52:11,739 - TradingBot - INFO -     Executed BUY: 0.1 BTC-USD at 20770.44. Cost: 2077.04. Capital: 96493.75
2025-05-23 16:52:11,746 - TradingBot - INFO - [BTC-USD] SELL Signal: Short MA (19682.28) crossed below Long MA (19698.45) at 17586.77 on 2022-11-10. Position before: 1
2025-05-23 16:52:11,746 - TradingBot - INFO - [2022-11-10] Attempting to execute: sell 0.1 BTC-USD at ~17586.77
2025-05-23 16:52:11,746 - TradingBot - INFO -     Executed SELL: 0.1 BTC-USD at 17586.77. Proceeds: 1758.68. Capital: 98252.43
2025-05-23 16:52:11,756 - TradingBot - INFO - [BTC-USD] BUY Signal: Short MA (16883.78) crossed above Long MA (16740.58) at 16848.13 on 2022-12-07. Position before: -1
2025-05-23 16:52:11,756 - TradingBot - INFO - [2022-12-07] Attempting to execute: buy 0.1 BTC-USD at ~16848.13
2025-05-23 16:52:11,756 - TradingBot - INFO -     Executed BUY: 0.1 BTC-USD at 16848.13. Cost: 1684.81. Capital: 96567.62
2025-05-23 16:52:11,763 - TradingBot - INFO - [BTC-USD] SELL Signal: Short MA (16917.19) crossed below Long MA (16921.07) at 16796.95 on 2022-12-23. Position before: 1
2025-05-23 16:52:11,764 - TradingBot - INFO - [2022-12-23] Attempting to execute: sell 0.1 BTC-USD at ~16796.95
2025-05-23 16:52:11,764 - TradingBot - INFO -     Executed SELL: 0.1 BTC-USD at 16796.95. Proceeds: 1679.70. Capital: 98247.31
2025-05-23 16:52:11,770 - TradingBot - INFO - [BTC-USD] BUY Signal: Short MA (16933.44) crossed above Long MA (16905.53) at 17446.29 on 2023-01-10. Position before: -1
2025-05-23 16:52:11,770 - TradingBot - INFO - [2023-01-10] Attempting to execute: buy 0.1 BTC-USD at ~17446.29
2025-05-23 16:52:11,770 - TradingBot - INFO -     Executed BUY: 0.1 BTC-USD at 17446.29. Cost: 1744.63. Capital: 96502.68
2025-05-23 16:52:11,787 - TradingBot - INFO - [BTC-USD] SELL Signal: Short MA (22418.87) crossed below Long MA (22519.37) at 21808.10 on 2023-02-13. Position before: 1
2025-05-23 16:52:11,787 - TradingBot - INFO - [2023-02-13] Attempting to execute: sell 0.1 BTC-USD at ~21808.10
2025-05-23 16:52:11,787 - TradingBot - INFO -     Executed SELL: 0.1 BTC-USD at 21808.10. Proceeds: 2180.81. Capital: 98683.49
2025-05-23 16:52:11,789 - TradingBot - INFO - [BTC-USD] BUY Signal: Short MA (23080.50) crossed above Long MA (23053.46) at 24327.64 on 2023-02-19. Position before: -1
2025-05-23 16:52:11,790 - TradingBot - INFO - [2023-02-19] Attempting to execute: buy 0.1 BTC-USD at ~24327.64
2025-05-23 16:52:11,790 - TradingBot - INFO -     Executed BUY: 0.1 BTC-USD at 24327.64. Cost: 2432.76. Capital: 96250.73
2025-05-23 16:52:11,796 - TradingBot - INFO - [BTC-USD] SELL Signal: Short MA (23087.85) crossed below Long MA (23205.19) at 22435.51 on 2023-03-05. Position before: 1
2025-05-23 16:52:11,796 - TradingBot - INFO - [2023-03-05] Attempting to execute: sell 0.1 BTC-USD at ~22435.51
2025-05-23 16:52:11,796 - TradingBot - INFO -     Executed SELL: 0.1 BTC-USD at 22435.51. Proceeds: 2243.55. Capital: 98494.28
2025-05-23 16:52:11,801 - TradingBot - INFO - [BTC-USD] BUY Signal: Short MA (23610.88) crossed above Long MA (23476.38) at 26965.88 on 2023-03-18. Position before: -1
2025-05-23 16:52:11,801 - TradingBot - INFO - [2023-03-18] Attempting to execute: buy 0.1 BTC-USD at ~26965.88
2025-05-23 16:52:11,801 - TradingBot - INFO -     Executed BUY: 0.1 BTC-USD at 26965.88. Cost: 2696.59. Capital: 95797.69
2025-05-23 16:52:11,820 - TradingBot - INFO - [BTC-USD] SELL Signal: Short MA (28574.54) crossed below Long MA (28641.39) at 28307.60 on 2023-04-25. Position before: 1
2025-05-23 16:52:11,820 - TradingBot - INFO - [2023-04-25] Attempting to execute: sell 0.1 BTC-USD at ~28307.60
2025-05-23 16:52:11,820 - TradingBot - INFO -     Executed SELL: 0.1 BTC-USD at 28307.60. Proceeds: 2830.76. Capital: 98628.45
2025-05-23 16:52:11,824 - TradingBot - INFO - [BTC-USD] BUY Signal: Short MA (28991.46) crossed above Long MA (28971.37) at 29534.38 on 2023-05-05. Position before: -1
2025-05-23 16:52:11,824 - TradingBot - INFO - [2023-05-05] Attempting to execute: buy 0.1 BTC-USD at ~29534.38
2025-05-23 16:52:11,824 - TradingBot - INFO -     Executed BUY: 0.1 BTC-USD at 29534.38. Cost: 2953.44. Capital: 95675.01
2025-05-23 16:52:11,825 - TradingBot - INFO - [BTC-USD] SELL Signal: Short MA (28937.77) crossed below Long MA (29017.69) at 28454.98 on 2023-05-07. Position before: 1
2025-05-23 16:52:11,825 - TradingBot - INFO - [2023-05-07] Attempting to execute: sell 0.1 BTC-USD at ~28454.98
2025-05-23 16:52:11,825 - TradingBot - INFO -     Executed SELL: 0.1 BTC-USD at 28454.98. Proceeds: 2845.50. Capital: 98520.51
2025-05-23 16:52:11,836 - TradingBot - INFO - [BTC-USD] BUY Signal: Short MA (27260.49) crossed above Long MA (27219.39) at 27119.07 on 2023-06-04. Position before: -1
2025-05-23 16:52:11,836 - TradingBot - INFO - [2023-06-04] Attempting to execute: buy 0.1 BTC-USD at ~27119.07
2025-05-23 16:52:11,836 - TradingBot - INFO -     Executed BUY: 0.1 BTC-USD at 27119.07. Cost: 2711.91. Capital: 95808.60
2025-05-23 16:52:11,837 - TradingBot - INFO - [BTC-USD] SELL Signal: Short MA (27027.65) crossed below Long MA (27029.09) at 26346.00 on 2023-06-07. Position before: 1
2025-05-23 16:52:11,838 - TradingBot - INFO - [2023-06-07] Attempting to execute: sell 0.1 BTC-USD at ~26346.00
2025-05-23 16:52:11,838 - TradingBot - INFO -     Executed SELL: 0.1 BTC-USD at 26346.00. Proceeds: 2634.60. Capital: 98443.20
2025-05-23 16:52:11,843 - TradingBot - INFO - [BTC-USD] BUY Signal: Short MA (27091.22) crossed above Long MA (26878.52) at 29912.28 on 2023-06-22. Position before: -1
2025-05-23 16:52:11,843 - TradingBot - INFO - [2023-06-22] Attempting to execute: buy 0.1 BTC-USD at ~29912.28
2025-05-23 16:52:11,843 - TradingBot - INFO -     Executed BUY: 0.1 BTC-USD at 29912.28. Cost: 2991.23. Capital: 95451.98
2025-05-23 16:52:11,856 - TradingBot - INFO - [BTC-USD] SELL Signal: Short MA (30307.60) crossed below Long MA (30383.24) at 29792.02 on 2023-07-20. Position before: 1
2025-05-23 16:52:11,857 - TradingBot - INFO - [2023-07-20] Attempting to execute: sell 0.1 BTC-USD at ~29792.02
2025-05-23 16:52:11,857 - TradingBot - INFO -     Executed SELL: 0.1 BTC-USD at 29792.02. Proceeds: 2979.20. Capital: 98431.18
2025-05-23 16:52:11,878 - TradingBot - INFO - [BTC-USD] BUY Signal: Short MA (26195.73) crossed above Long MA (26174.51) at 26754.28 on 2023-09-18. Position before: -1
2025-05-23 16:52:11,878 - TradingBot - INFO - [2023-09-18] Attempting to execute: buy 0.1 BTC-USD at ~26754.28
2025-05-23 16:52:11,878 - TradingBot - INFO -     Executed BUY: 0.1 BTC-USD at 26754.28. Cost: 2675.43. Capital: 95755.75
2025-05-23 16:52:11,925 - TradingBot - INFO - Backtest finished.
2025-05-23 16:52:11,925 - TradingBot - INFO - --- Backtest Summary ---
2025-05-23 16:52:11,926 - TradingBot - INFO - Symbol: BTC-USD
2025-05-23 16:52:11,926 - TradingBot - INFO - Strategy: MovingAverageCrossoverStrategy
2025-05-23 16:52:11,926 - TradingBot - INFO - Period: 2022-01-01 to 2023-12-30
2025-05-23 16:52:11,926 - TradingBot - INFO - Initial Capital: $100,000.00
2025-05-23 16:52:11,926 - TradingBot - INFO - Final Portfolio Value: $99,971.44
2025-05-23 16:52:11,926 - TradingBot - INFO - Total Return: -0.03%
2025-05-23 16:52:11,926 - TradingBot - INFO - Total Trades: 31
2025-05-23 16:52:11,926 - TradingBot - INFO - --- Trades --- 
2025-05-23 16:52:11,926 - TradingBot - INFO -   2022-02-08: BUY 0.1 BTC-USD at 44118.45
2025-05-23 16:52:11,926 - TradingBot - INFO -   2022-02-24: SELL 0.1 BTC-USD at 38332.61
2025-05-23 16:52:11,926 - TradingBot - INFO -   2022-03-09: BUY 0.1 BTC-USD at 41982.93
2025-05-23 16:52:11,926 - TradingBot - INFO -   2022-03-10: SELL 0.1 BTC-USD at 39437.46
2025-05-23 16:52:11,926 - TradingBot - INFO -   2022-03-18: BUY 0.1 BTC-USD at 41801.16
2025-05-23 16:52:11,926 - TradingBot - INFO -   2022-04-12: SELL 0.1 BTC-USD at 40127.18
2025-05-23 16:52:11,926 - TradingBot - INFO -   2022-06-06: BUY 0.1 BTC-USD at 31370.67
2025-05-23 16:52:11,926 - TradingBot - INFO -   2022-06-12: SELL 0.1 BTC-USD at 26762.65
2025-05-23 16:52:11,926 - TradingBot - INFO -   2022-07-13: BUY 0.1 BTC-USD at 20212.07
2025-05-23 16:52:11,926 - TradingBot - INFO -   2022-08-22: SELL 0.1 BTC-USD at 21398.91
2025-05-23 16:52:11,926 - TradingBot - INFO -   2022-09-16: BUY 0.1 BTC-USD at 19772.58
2025-05-23 16:52:11,926 - TradingBot - INFO -   2022-09-20: SELL 0.1 BTC-USD at 18890.79
2025-05-23 16:52:11,926 - TradingBot - INFO -   2022-10-11: BUY 0.1 BTC-USD at 19051.42
2025-05-23 16:52:11,926 - TradingBot - INFO -   2022-10-15: SELL 0.1 BTC-USD at 19067.63
2025-05-23 16:52:11,926 - TradingBot - INFO -   2022-10-26: BUY 0.1 BTC-USD at 20770.44
2025-05-23 16:52:11,926 - TradingBot - INFO -   2022-11-10: SELL 0.1 BTC-USD at 17586.77
2025-05-23 16:52:11,926 - TradingBot - INFO -   2022-12-07: BUY 0.1 BTC-USD at 16848.13
2025-05-23 16:52:11,926 - TradingBot - INFO -   2022-12-23: SELL 0.1 BTC-USD at 16796.95
2025-05-23 16:52:11,926 - TradingBot - INFO -   2023-01-10: BUY 0.1 BTC-USD at 17446.29
2025-05-23 16:52:11,926 - TradingBot - INFO -   2023-02-13: SELL 0.1 BTC-USD at 21808.10
2025-05-23 16:52:11,926 - TradingBot - INFO -   2023-02-19: BUY 0.1 BTC-USD at 24327.64
2025-05-23 16:52:11,926 - TradingBot - INFO -   2023-03-05: SELL 0.1 BTC-USD at 22435.51
2025-05-23 16:52:11,926 - TradingBot - INFO -   2023-03-18: BUY 0.1 BTC-USD at 26965.88
2025-05-23 16:52:11,926 - TradingBot - INFO -   2023-04-25: SELL 0.1 BTC-USD at 28307.60
2025-05-23 16:52:11,926 - TradingBot - INFO -   2023-05-05: BUY 0.1 BTC-USD at 29534.38
2025-05-23 16:52:11,926 - TradingBot - INFO -   2023-05-07: SELL 0.1 BTC-USD at 28454.98
2025-05-23 16:52:11,927 - TradingBot - INFO -   2023-06-04: BUY 0.1 BTC-USD at 27119.07
2025-05-23 16:52:11,927 - TradingBot - INFO -   2023-06-07: SELL 0.1 BTC-USD at 26346.00
2025-05-23 16:52:11,927 - TradingBot - INFO -   2023-06-22: BUY 0.1 BTC-USD at 29912.28
2025-05-23 16:52:11,927 - TradingBot - INFO -   2023-07-20: SELL 0.1 BTC-USD at 29792.02
2025-05-23 16:52:11,927 - TradingBot - INFO -   2023-09-18: BUY 0.1 BTC-USD at 26754.28
2025-05-23 16:54:54,043 - TradingBot - INFO - Setting up Moving Average Crossover backtest...
2025-05-23 16:54:54,043 - TradingBot - INFO - Fetching historical data for BTC-USD from 2022-01-01 to 2023-12-31 with interval 1d.
2025-05-23 16:54:55,688 - TradingBot - INFO - Successfully fetched 729 data points for BTC-USD.
2025-05-23 16:54:55,688 - TradingBot - INFO - Starting backtest for strategy MovingAverageCrossoverStrategy on BTC-USD
2025-05-23 16:54:55,689 - TradingBot - INFO - Initial capital: $100000.00
2025-05-23 16:54:55,700 - TradingBot - INFO - [BTC-USD] BUY Signal: Short MA (40256.48) crossed above Long MA (40046.34) at 44118.45 on 2022-02-08. Position before: 0
2025-05-23 16:54:55,700 - TradingBot - INFO - [2022-02-08] Attempting to execute: buy 0.1 BTC-USD at ~44118.45
2025-05-23 16:54:55,701 - TradingBot - INFO -     Executed BUY: 0.1 BTC-USD at 44118.45. Cost: 4411.84. Capital: 95588.16
2025-05-23 16:54:55,707 - TradingBot - INFO - [BTC-USD] SELL Signal: Short MA (39865.01) crossed below Long MA (40282.28) at 38332.61 on 2022-02-24. Position before: 1
2025-05-23 16:54:55,708 - TradingBot - INFO - [2022-02-24] Attempting to execute: sell 0.1 BTC-USD at ~38332.61
2025-05-23 16:54:55,708 - TradingBot - INFO -     Executed SELL: 0.1 BTC-USD at 38332.61. Proceeds: 3833.26. Capital: 99421.42
2025-05-23 16:54:55,712 - TradingBot - INFO - [BTC-USD] BUY Signal: Short MA (40966.42) crossed above Long MA (40860.09) at 41982.93 on 2022-03-09. Position before: -1
2025-05-23 16:54:55,713 - TradingBot - INFO - [2022-03-09] Attempting to execute: buy 0.1 BTC-USD at ~41982.93
2025-05-23 16:54:55,713 - TradingBot - INFO -     Executed BUY: 0.1 BTC-USD at 41982.93. Cost: 4198.29. Capital: 95223.12
2025-05-23 16:54:55,713 - TradingBot - INFO - [BTC-USD] SELL Signal: Short MA (40590.84) crossed below Long MA (40704.05) at 39437.46 on 2022-03-10. Position before: 1
2025-05-23 16:54:55,713 - TradingBot - INFO - [2022-03-10] Attempting to execute: sell 0.1 BTC-USD at ~39437.46
2025-05-23 16:54:55,713 - TradingBot - INFO -     Executed SELL: 0.1 BTC-USD at 39437.46. Proceeds: 3943.75. Capital: 99166.87
2025-05-23 16:54:55,716 - TradingBot - INFO - [BTC-USD] BUY Signal: Short MA (39987.10) crossed above Long MA (39789.82) at 41801.16 on 2022-03-18. Position before: -1
2025-05-23 16:54:55,716 - TradingBot - INFO - [2022-03-18] Attempting to execute: buy 0.1 BTC-USD at ~41801.16
2025-05-23 16:54:55,716 - TradingBot - INFO -     Executed BUY: 0.1 BTC-USD at 41801.16. Cost: 4180.12. Capital: 94986.75
2025-05-23 16:54:55,726 - TradingBot - INFO - [BTC-USD] SELL Signal: Short MA (43226.94) crossed below Long MA (43463.88) at 40127.18 on 2022-04-12. Position before: 1
2025-05-23 16:54:55,727 - TradingBot - INFO - [2022-04-12] Attempting to execute: sell 0.1 BTC-USD at ~40127.18
2025-05-23 16:54:55,727 - TradingBot - INFO -     Executed SELL: 0.1 BTC-USD at 40127.18. Proceeds: 4012.72. Capital: 98999.47
2025-05-23 16:54:55,745 - TradingBot - INFO - [BTC-USD] BUY Signal: Short MA (30286.08) crossed above Long MA (30046.84) at 31370.67 on 2022-06-06. Position before: -1
2025-05-23 16:54:55,746 - TradingBot - INFO - [2022-06-06] Attempting to execute: buy 0.1 BTC-USD at ~31370.67
2025-05-23 16:54:55,746 - TradingBot - INFO -     Executed BUY: 0.1 BTC-USD at 31370.67. Cost: 3137.07. Capital: 95862.41
2025-05-23 16:54:55,748 - TradingBot - INFO - [BTC-USD] SELL Signal: Short MA (29650.37) crossed below Long MA (29814.93) at 26762.65 on 2022-06-12. Position before: 1
2025-05-23 16:54:55,748 - TradingBot - INFO - [2022-06-12] Attempting to execute: sell 0.1 BTC-USD at ~26762.65
2025-05-23 16:54:55,748 - TradingBot - INFO -     Executed SELL: 0.1 BTC-USD at 26762.65. Proceeds: 2676.26. Capital: 98538.67
2025-05-23 16:54:55,759 - TradingBot - INFO - [BTC-USD] BUY Signal: Short MA (20629.75) crossed above Long MA (20545.30) at 20212.07 on 2022-07-13. Position before: -1
2025-05-23 16:54:55,759 - TradingBot - INFO - [2022-07-13] Attempting to execute: buy 0.1 BTC-USD at ~20212.07
2025-05-23 16:54:55,759 - TradingBot - INFO -     Executed BUY: 0.1 BTC-USD at 20212.07. Cost: 2021.21. Capital: 96517.46
2025-05-23 16:54:55,776 - TradingBot - INFO - [BTC-USD] SELL Signal: Short MA (22828.90) crossed below Long MA (23051.66) at 21398.91 on 2022-08-22. Position before: 1
2025-05-23 16:54:55,776 - TradingBot - INFO - [2022-08-22] Attempting to execute: sell 0.1 BTC-USD at ~21398.91
2025-05-23 16:54:55,776 - TradingBot - INFO -     Executed SELL: 0.1 BTC-USD at 21398.91. Proceeds: 2139.89. Capital: 98657.35
2025-05-23 16:54:55,785 - TradingBot - INFO - [BTC-USD] BUY Signal: Short MA (20583.31) crossed above Long MA (20572.51) at 19772.58 on 2022-09-16. Position before: -1
2025-05-23 16:54:55,785 - TradingBot - INFO - [2022-09-16] Attempting to execute: buy 0.1 BTC-USD at ~19772.58
2025-05-23 16:54:55,785 - TradingBot - INFO -     Executed BUY: 0.1 BTC-USD at 19772.58. Cost: 1977.26. Capital: 96680.10
2025-05-23 16:54:55,787 - TradingBot - INFO - [BTC-USD] SELL Signal: Short MA (20213.33) crossed below Long MA (20278.90) at 18890.79 on 2022-09-20. Position before: 1
2025-05-23 16:54:55,787 - TradingBot - INFO - [2022-09-20] Attempting to execute: sell 0.1 BTC-USD at ~18890.79
2025-05-23 16:54:55,787 - TradingBot - INFO -     Executed SELL: 0.1 BTC-USD at 18890.79. Proceeds: 1889.08. Capital: 98569.17
2025-05-23 16:54:55,795 - TradingBot - INFO - [BTC-USD] BUY Signal: Short MA (19572.34) crossed above Long MA (19572.07) at 19051.42 on 2022-10-11. Position before: -1
2025-05-23 16:54:55,795 - TradingBot - INFO - [2022-10-11] Attempting to execute: buy 0.1 BTC-USD at ~19051.42
2025-05-23 16:54:55,795 - TradingBot - INFO -     Executed BUY: 0.1 BTC-USD at 19051.42. Cost: 1905.14. Capital: 96664.03
2025-05-23 16:54:55,797 - TradingBot - INFO - [BTC-USD] SELL Signal: Short MA (19335.18) crossed below Long MA (19378.21) at 19067.63 on 2022-10-15. Position before: 1
2025-05-23 16:54:55,797 - TradingBot - INFO - [2022-10-15] Attempting to execute: sell 0.1 BTC-USD at ~19067.63
2025-05-23 16:54:55,797 - TradingBot - INFO -     Executed SELL: 0.1 BTC-USD at 19067.63. Proceeds: 1906.76. Capital: 98570.80
2025-05-23 16:54:55,801 - TradingBot - INFO - [BTC-USD] BUY Signal: Short MA (19523.80) crossed above Long MA (19462.58) at 20770.44 on 2022-10-26. Position before: -1
2025-05-23 16:54:55,801 - TradingBot - INFO - [2022-10-26] Attempting to execute: buy 0.1 BTC-USD at ~20770.44
2025-05-23 16:54:55,801 - TradingBot - INFO -     Executed BUY: 0.1 BTC-USD at 20770.44. Cost: 2077.04. Capital: 96493.75
2025-05-23 16:54:55,808 - TradingBot - INFO - [BTC-USD] SELL Signal: Short MA (19682.28) crossed below Long MA (19698.45) at 17586.77 on 2022-11-10. Position before: 1
2025-05-23 16:54:55,808 - TradingBot - INFO - [2022-11-10] Attempting to execute: sell 0.1 BTC-USD at ~17586.77
2025-05-23 16:54:55,808 - TradingBot - INFO -     Executed SELL: 0.1 BTC-USD at 17586.77. Proceeds: 1758.68. Capital: 98252.43
2025-05-23 16:54:55,817 - TradingBot - INFO - [BTC-USD] BUY Signal: Short MA (16883.78) crossed above Long MA (16740.58) at 16848.13 on 2022-12-07. Position before: -1
2025-05-23 16:54:55,817 - TradingBot - INFO - [2022-12-07] Attempting to execute: buy 0.1 BTC-USD at ~16848.13
2025-05-23 16:54:55,817 - TradingBot - INFO -     Executed BUY: 0.1 BTC-USD at 16848.13. Cost: 1684.81. Capital: 96567.62
2025-05-23 16:54:55,825 - TradingBot - INFO - [BTC-USD] SELL Signal: Short MA (16917.19) crossed below Long MA (16921.07) at 16796.95 on 2022-12-23. Position before: 1
2025-05-23 16:54:55,826 - TradingBot - INFO - [2022-12-23] Attempting to execute: sell 0.1 BTC-USD at ~16796.95
2025-05-23 16:54:55,826 - TradingBot - INFO -     Executed SELL: 0.1 BTC-USD at 16796.95. Proceeds: 1679.70. Capital: 98247.31
2025-05-23 16:54:55,832 - TradingBot - INFO - [BTC-USD] BUY Signal: Short MA (16933.44) crossed above Long MA (16905.53) at 17446.29 on 2023-01-10. Position before: -1
2025-05-23 16:54:55,832 - TradingBot - INFO - [2023-01-10] Attempting to execute: buy 0.1 BTC-USD at ~17446.29
2025-05-23 16:54:55,832 - TradingBot - INFO -     Executed BUY: 0.1 BTC-USD at 17446.29. Cost: 1744.63. Capital: 96502.68
2025-05-23 16:54:55,847 - TradingBot - INFO - [BTC-USD] SELL Signal: Short MA (22418.87) crossed below Long MA (22519.37) at 21808.10 on 2023-02-13. Position before: 1
2025-05-23 16:54:55,847 - TradingBot - INFO - [2023-02-13] Attempting to execute: sell 0.1 BTC-USD at ~21808.10
2025-05-23 16:54:55,847 - TradingBot - INFO -     Executed SELL: 0.1 BTC-USD at 21808.10. Proceeds: 2180.81. Capital: 98683.49
2025-05-23 16:54:55,849 - TradingBot - INFO - [BTC-USD] BUY Signal: Short MA (23080.50) crossed above Long MA (23053.46) at 24327.64 on 2023-02-19. Position before: -1
2025-05-23 16:54:55,849 - TradingBot - INFO - [2023-02-19] Attempting to execute: buy 0.1 BTC-USD at ~24327.64
2025-05-23 16:54:55,849 - TradingBot - INFO -     Executed BUY: 0.1 BTC-USD at 24327.64. Cost: 2432.76. Capital: 96250.73
2025-05-23 16:54:55,855 - TradingBot - INFO - [BTC-USD] SELL Signal: Short MA (23087.85) crossed below Long MA (23205.19) at 22435.51 on 2023-03-05. Position before: 1
2025-05-23 16:54:55,855 - TradingBot - INFO - [2023-03-05] Attempting to execute: sell 0.1 BTC-USD at ~22435.51
2025-05-23 16:54:55,855 - TradingBot - INFO -     Executed SELL: 0.1 BTC-USD at 22435.51. Proceeds: 2243.55. Capital: 98494.28
2025-05-23 16:54:55,861 - TradingBot - INFO - [BTC-USD] BUY Signal: Short MA (23610.88) crossed above Long MA (23476.38) at 26965.88 on 2023-03-18. Position before: -1
2025-05-23 16:54:55,861 - TradingBot - INFO - [2023-03-18] Attempting to execute: buy 0.1 BTC-USD at ~26965.88
2025-05-23 16:54:55,861 - TradingBot - INFO -     Executed BUY: 0.1 BTC-USD at 26965.88. Cost: 2696.59. Capital: 95797.69
2025-05-23 16:54:55,877 - TradingBot - INFO - [BTC-USD] SELL Signal: Short MA (28574.54) crossed below Long MA (28641.39) at 28307.60 on 2023-04-25. Position before: 1
2025-05-23 16:54:55,877 - TradingBot - INFO - [2023-04-25] Attempting to execute: sell 0.1 BTC-USD at ~28307.60
2025-05-23 16:54:55,877 - TradingBot - INFO -     Executed SELL: 0.1 BTC-USD at 28307.60. Proceeds: 2830.76. Capital: 98628.45
2025-05-23 16:54:55,881 - TradingBot - INFO - [BTC-USD] BUY Signal: Short MA (28991.46) crossed above Long MA (28971.37) at 29534.38 on 2023-05-05. Position before: -1
2025-05-23 16:54:55,881 - TradingBot - INFO - [2023-05-05] Attempting to execute: buy 0.1 BTC-USD at ~29534.38
2025-05-23 16:54:55,881 - TradingBot - INFO -     Executed BUY: 0.1 BTC-USD at 29534.38. Cost: 2953.44. Capital: 95675.01
2025-05-23 16:54:55,882 - TradingBot - INFO - [BTC-USD] SELL Signal: Short MA (28937.77) crossed below Long MA (29017.69) at 28454.98 on 2023-05-07. Position before: 1
2025-05-23 16:54:55,882 - TradingBot - INFO - [2023-05-07] Attempting to execute: sell 0.1 BTC-USD at ~28454.98
2025-05-23 16:54:55,882 - TradingBot - INFO -     Executed SELL: 0.1 BTC-USD at 28454.98. Proceeds: 2845.50. Capital: 98520.51
2025-05-23 16:54:55,892 - TradingBot - INFO - [BTC-USD] BUY Signal: Short MA (27260.49) crossed above Long MA (27219.39) at 27119.07 on 2023-06-04. Position before: -1
2025-05-23 16:54:55,892 - TradingBot - INFO - [2023-06-04] Attempting to execute: buy 0.1 BTC-USD at ~27119.07
2025-05-23 16:54:55,892 - TradingBot - INFO -     Executed BUY: 0.1 BTC-USD at 27119.07. Cost: 2711.91. Capital: 95808.60
2025-05-23 16:54:55,894 - TradingBot - INFO - [BTC-USD] SELL Signal: Short MA (27027.65) crossed below Long MA (27029.09) at 26346.00 on 2023-06-07. Position before: 1
2025-05-23 16:54:55,894 - TradingBot - INFO - [2023-06-07] Attempting to execute: sell 0.1 BTC-USD at ~26346.00
2025-05-23 16:54:55,894 - TradingBot - INFO -     Executed SELL: 0.1 BTC-USD at 26346.00. Proceeds: 2634.60. Capital: 98443.20
2025-05-23 16:54:55,899 - TradingBot - INFO - [BTC-USD] BUY Signal: Short MA (27091.22) crossed above Long MA (26878.52) at 29912.28 on 2023-06-22. Position before: -1
2025-05-23 16:54:55,899 - TradingBot - INFO - [2023-06-22] Attempting to execute: buy 0.1 BTC-USD at ~29912.28
2025-05-23 16:54:55,899 - TradingBot - INFO -     Executed BUY: 0.1 BTC-USD at 29912.28. Cost: 2991.23. Capital: 95451.98
2025-05-23 16:54:55,910 - TradingBot - INFO - [BTC-USD] SELL Signal: Short MA (30307.60) crossed below Long MA (30383.24) at 29792.02 on 2023-07-20. Position before: 1
2025-05-23 16:54:55,911 - TradingBot - INFO - [2023-07-20] Attempting to execute: sell 0.1 BTC-USD at ~29792.02
2025-05-23 16:54:55,911 - TradingBot - INFO -     Executed SELL: 0.1 BTC-USD at 29792.02. Proceeds: 2979.20. Capital: 98431.18
2025-05-23 16:54:55,931 - TradingBot - INFO - [BTC-USD] BUY Signal: Short MA (26195.73) crossed above Long MA (26174.51) at 26754.28 on 2023-09-18. Position before: -1
2025-05-23 16:54:55,931 - TradingBot - INFO - [2023-09-18] Attempting to execute: buy 0.1 BTC-USD at ~26754.28
2025-05-23 16:54:55,931 - TradingBot - INFO -     Executed BUY: 0.1 BTC-USD at 26754.28. Cost: 2675.43. Capital: 95755.75
2025-05-23 16:54:55,976 - TradingBot - INFO - Backtest finished.
2025-05-23 16:54:55,977 - TradingBot - INFO - --- Backtest Summary ---
2025-05-23 16:54:55,977 - TradingBot - INFO - Symbol: BTC-USD
2025-05-23 16:54:55,977 - TradingBot - INFO - Strategy: MovingAverageCrossoverStrategy
2025-05-23 16:54:55,977 - TradingBot - INFO - Period: 2022-01-01 to 2023-12-30
2025-05-23 16:54:55,977 - TradingBot - INFO - Initial Capital: $100,000.00
2025-05-23 16:54:55,977 - TradingBot - INFO - Final Portfolio Value: $99,971.44
2025-05-23 16:54:55,977 - TradingBot - INFO - Total Return: -0.03%
2025-05-23 16:54:55,977 - TradingBot - INFO - Total Trades Executed (legs): 31
2025-05-23 16:54:55,977 - TradingBot - INFO - Annualized Sharpe Ratio (rf=0%): -0.01
2025-05-23 16:54:55,977 - TradingBot - INFO - Maximum Drawdown: -1.96%
2025-05-23 16:54:55,978 - TradingBot - INFO - Win Rate (Round Trips): 26.67%
2025-05-23 16:54:55,978 - TradingBot - INFO - Profit Factor (Round Trips): 0.31
2025-05-23 16:54:55,978 - TradingBot - INFO - --- Trades --- 
2025-05-23 16:54:55,978 - TradingBot - INFO -   2022-02-08: BUY 0.1 BTC-USD at 44118.45 (Cost: 4411.84)
2025-05-23 16:54:55,978 - TradingBot - INFO -   2022-02-24: SELL 0.1 BTC-USD at 38332.61 (Proceeds: 3833.26)
2025-05-23 16:54:55,978 - TradingBot - INFO -   2022-03-09: BUY 0.1 BTC-USD at 41982.93 (Cost: 4198.29)
2025-05-23 16:54:55,978 - TradingBot - INFO -   2022-03-10: SELL 0.1 BTC-USD at 39437.46 (Proceeds: 3943.75)
2025-05-23 16:54:55,978 - TradingBot - INFO -   2022-03-18: BUY 0.1 BTC-USD at 41801.16 (Cost: 4180.12)
2025-05-23 16:54:55,978 - TradingBot - INFO -   2022-04-12: SELL 0.1 BTC-USD at 40127.18 (Proceeds: 4012.72)
2025-05-23 16:54:55,978 - TradingBot - INFO -   2022-06-06: BUY 0.1 BTC-USD at 31370.67 (Cost: 3137.07)
2025-05-23 16:54:55,978 - TradingBot - INFO -   2022-06-12: SELL 0.1 BTC-USD at 26762.65 (Proceeds: 2676.26)
2025-05-23 16:54:55,978 - TradingBot - INFO -   2022-07-13: BUY 0.1 BTC-USD at 20212.07 (Cost: 2021.21)
2025-05-23 16:54:55,978 - TradingBot - INFO -   2022-08-22: SELL 0.1 BTC-USD at 21398.91 (Proceeds: 2139.89)
2025-05-23 16:54:55,978 - TradingBot - INFO -   2022-09-16: BUY 0.1 BTC-USD at 19772.58 (Cost: 1977.26)
2025-05-23 16:54:55,978 - TradingBot - INFO -   2022-09-20: SELL 0.1 BTC-USD at 18890.79 (Proceeds: 1889.08)
2025-05-23 16:54:55,978 - TradingBot - INFO -   2022-10-11: BUY 0.1 BTC-USD at 19051.42 (Cost: 1905.14)
2025-05-23 16:54:55,978 - TradingBot - INFO -   2022-10-15: SELL 0.1 BTC-USD at 19067.63 (Proceeds: 1906.76)
2025-05-23 16:54:55,978 - TradingBot - INFO -   2022-10-26: BUY 0.1 BTC-USD at 20770.44 (Cost: 2077.04)
2025-05-23 16:54:55,978 - TradingBot - INFO -   2022-11-10: SELL 0.1 BTC-USD at 17586.77 (Proceeds: 1758.68)
2025-05-23 16:54:55,978 - TradingBot - INFO -   2022-12-07: BUY 0.1 BTC-USD at 16848.13 (Cost: 1684.81)
2025-05-23 16:54:55,978 - TradingBot - INFO -   2022-12-23: SELL 0.1 BTC-USD at 16796.95 (Proceeds: 1679.70)
2025-05-23 16:54:55,978 - TradingBot - INFO -   2023-01-10: BUY 0.1 BTC-USD at 17446.29 (Cost: 1744.63)
2025-05-23 16:54:55,978 - TradingBot - INFO -   2023-02-13: SELL 0.1 BTC-USD at 21808.10 (Proceeds: 2180.81)
2025-05-23 16:54:55,978 - TradingBot - INFO -   2023-02-19: BUY 0.1 BTC-USD at 24327.64 (Cost: 2432.76)
2025-05-23 16:54:55,978 - TradingBot - INFO -   2023-03-05: SELL 0.1 BTC-USD at 22435.51 (Proceeds: 2243.55)
2025-05-23 16:54:55,978 - TradingBot - INFO -   2023-03-18: BUY 0.1 BTC-USD at 26965.88 (Cost: 2696.59)
2025-05-23 16:54:55,978 - TradingBot - INFO -   2023-04-25: SELL 0.1 BTC-USD at 28307.60 (Proceeds: 2830.76)
2025-05-23 16:54:55,978 - TradingBot - INFO -   2023-05-05: BUY 0.1 BTC-USD at 29534.38 (Cost: 2953.44)
2025-05-23 16:54:55,978 - TradingBot - INFO -   2023-05-07: SELL 0.1 BTC-USD at 28454.98 (Proceeds: 2845.50)
2025-05-23 16:54:55,978 - TradingBot - INFO -   2023-06-04: BUY 0.1 BTC-USD at 27119.07 (Cost: 2711.91)
2025-05-23 16:54:55,978 - TradingBot - INFO -   2023-06-07: SELL 0.1 BTC-USD at 26346.00 (Proceeds: 2634.60)
2025-05-23 16:54:55,978 - TradingBot - INFO -   2023-06-22: BUY 0.1 BTC-USD at 29912.28 (Cost: 2991.23)
2025-05-23 16:54:55,979 - TradingBot - INFO -   2023-07-20: SELL 0.1 BTC-USD at 29792.02 (Proceeds: 2979.20)
2025-05-23 16:54:55,979 - TradingBot - INFO -   2023-09-18: BUY 0.1 BTC-USD at 26754.28 (Cost: 2675.43)
